[debug] [2024-05-24T08:54:19.245Z] ----------------------------------------------------------------------
[debug] [2024-05-24T08:54:19.250Z] Command:       D:\Program Files\nodejs\node.exe C:\Users\ejsg0\AppData\Roaming\npm\node_modules\firebase-tools\lib\bin\firebase.js deploy
[debug] [2024-05-24T08:54:19.250Z] CLI Version:   13.10.0
[debug] [2024-05-24T08:54:19.251Z] Platform:      win32
[debug] [2024-05-24T08:54:19.251Z] Node Version:  v20.13.1
[debug] [2024-05-24T08:54:19.251Z] Time:          Fri May 24 2024 16:54:19 GMT+0800 (Philippine Standard Time)
[debug] [2024-05-24T08:54:19.251Z] ----------------------------------------------------------------------
[debug] 
[debug] [2024-05-24T08:54:19.415Z] > command requires scopes: ["email","openid","https://www.googleapis.com/auth/cloudplatformprojects.readonly","https://www.googleapis.com/auth/firebase","https://www.googleapis.com/auth/cloud-platform"]
[debug] [2024-05-24T08:54:19.416Z] > authorizing via signed-in user (eleazar.galope@gmail.com)
[debug] [2024-05-24T08:54:19.416Z] [iam] checking project purrfolio-f6b4c for permissions ["firebase.projects.get","firebasehosting.sites.update"]
[debug] [2024-05-24T08:54:19.424Z] > refreshing access token with scopes: []
[debug] [2024-05-24T08:54:19.436Z] >>> [apiv2][query] POST https://www.googleapis.com/oauth2/v3/token [none]
[debug] [2024-05-24T08:54:19.437Z] >>> [apiv2][body] POST https://www.googleapis.com/oauth2/v3/token [omitted]
[debug] [2024-05-24T08:54:19.840Z] <<< [apiv2][status] POST https://www.googleapis.com/oauth2/v3/token 200
[debug] [2024-05-24T08:54:19.841Z] <<< [apiv2][body] POST https://www.googleapis.com/oauth2/v3/token [omitted]
[debug] [2024-05-24T08:54:19.871Z] >>> [apiv2][query] POST https://cloudresourcemanager.googleapis.com/v1/projects/purrfolio-f6b4c:testIamPermissions [none]
[debug] [2024-05-24T08:54:19.871Z] >>> [apiv2][(partial)header] POST https://cloudresourcemanager.googleapis.com/v1/projects/purrfolio-f6b4c:testIamPermissions x-goog-quota-user=projects/purrfolio-f6b4c
[debug] [2024-05-24T08:54:19.871Z] >>> [apiv2][body] POST https://cloudresourcemanager.googleapis.com/v1/projects/purrfolio-f6b4c:testIamPermissions {"permissions":["firebase.projects.get","firebasehosting.sites.update"]}
[debug] [2024-05-24T08:54:20.913Z] <<< [apiv2][status] POST https://cloudresourcemanager.googleapis.com/v1/projects/purrfolio-f6b4c:testIamPermissions 200
[debug] [2024-05-24T08:54:20.913Z] <<< [apiv2][body] POST https://cloudresourcemanager.googleapis.com/v1/projects/purrfolio-f6b4c:testIamPermissions {"permissions":["firebase.projects.get","firebasehosting.sites.update"]}
[debug] [2024-05-24T08:54:20.914Z] >>> [apiv2][query] GET https://firebase.googleapis.com/v1beta1/projects/purrfolio-f6b4c [none]
[debug] [2024-05-24T08:54:21.669Z] <<< [apiv2][status] GET https://firebase.googleapis.com/v1beta1/projects/purrfolio-f6b4c 200
[debug] [2024-05-24T08:54:21.669Z] <<< [apiv2][body] GET https://firebase.googleapis.com/v1beta1/projects/purrfolio-f6b4c {"projectId":"purrfolio-f6b4c","projectNumber":"543337530377","displayName":"purrfolio","name":"projects/purrfolio-f6b4c","resources":{"hostingSite":"purrfolio-f6b4c"},"state":"ACTIVE","etag":"1_eacc1597-33f0-4439-901f-836578be0b98"}
[debug] [2024-05-24T08:54:26.288Z] >>> [apiv2][query] GET https://firebasehosting.googleapis.com/v1beta1/projects/purrfolio-f6b4c/sites pageToken=&pageSize=10
[debug] [2024-05-24T08:54:26.894Z] <<< [apiv2][status] GET https://firebasehosting.googleapis.com/v1beta1/projects/purrfolio-f6b4c/sites 200
[debug] [2024-05-24T08:54:26.894Z] <<< [apiv2][body] GET https://firebasehosting.googleapis.com/v1beta1/projects/purrfolio-f6b4c/sites {"sites":[{"name":"projects/purrfolio-f6b4c/sites/purrfolio-f6b4c","defaultUrl":"https://purrfolio-f6b4c.web.app","appId":"1:543337530377:web:da0b9c8165808e74a5e4d8","type":"DEFAULT_SITE"}]}
[debug] [2024-05-24T08:54:26.895Z] >>> [apiv2][query] GET https://firebase.googleapis.com/v1beta1/projects/-/webApps/1:543337530377:web:da0b9c8165808e74a5e4d8/config [none]
[debug] [2024-05-24T08:54:27.808Z] <<< [apiv2][status] GET https://firebase.googleapis.com/v1beta1/projects/-/webApps/1:543337530377:web:da0b9c8165808e74a5e4d8/config 200
[debug] [2024-05-24T08:54:27.808Z] <<< [apiv2][body] GET https://firebase.googleapis.com/v1beta1/projects/-/webApps/1:543337530377:web:da0b9c8165808e74a5e4d8/config {"projectId":"purrfolio-f6b4c","appId":"1:543337530377:web:da0b9c8165808e74a5e4d8","storageBucket":"purrfolio-f6b4c.appspot.com","apiKey":"AIzaSyAyaunSBZRuRPPrLmNsUumR1X1PnyGdLFA","authDomain":"purrfolio-f6b4c.firebaseapp.com","messagingSenderId":"543337530377","measurementId":"G-HPZB58XN7V"}
[info] 
   Thank you for trying our early preview of Next.js support on Firebase Hosting.
   During the preview, support is best-effort and breaking changes can be expected. Proceed with caution.
   The integration is known to work with Next.js version 12 - 14.0. You may encounter errors.

   Documentation: https://firebase.google.com/docs/hosting/frameworks/nextjs
   File a bug: https://github.com/firebase/firebase-tools/issues/new?template=bug_report.md
   Submit a feature request: https://github.com/firebase/firebase-tools/issues/new?template=feature_request.md

   We'd love to learn from you. Express your interest in helping us shape the future of Firebase Hosting: https://goo.gle/41enW5X

[debug] [2024-05-24T08:54:39.470Z] >>> [apiv2][query] GET https://firebasehosting.googleapis.com/v1beta1/projects/purrfolio-f6b4c/sites/purrfolio-f6b4c [none]
[debug] [2024-05-24T08:54:40.135Z] <<< [apiv2][status] GET https://firebasehosting.googleapis.com/v1beta1/projects/purrfolio-f6b4c/sites/purrfolio-f6b4c 200
[debug] [2024-05-24T08:54:40.136Z] <<< [apiv2][body] GET https://firebasehosting.googleapis.com/v1beta1/projects/purrfolio-f6b4c/sites/purrfolio-f6b4c {"name":"projects/purrfolio-f6b4c/sites/purrfolio-f6b4c","defaultUrl":"https://purrfolio-f6b4c.web.app","appId":"1:543337530377:web:da0b9c8165808e74a5e4d8","type":"DEFAULT_SITE"}
[info]   ▲ Next.js 14.2.3

[info] 

[info]    Creating an optimized production build ...

[info] uncaughtException [Error: EPERM: operation not permitted, open 'E:\purrfo\purrfolio\.next\trace'] {
  errno: -4048,
  code: 'EPERM',
  syscall: 'open',
  path: 'E:\\purrfo\\purrfolio\\.next\\trace'
}

[debug] [2024-05-24T08:55:06.539Z] Error: ENOENT: no such file or directory, open 'E:\purrfo\purrfolio\.next\server\middleware-manifest.json'
[error] 
[error] Error: An unexpected error has occurred.
[debug] [2024-05-24T09:03:29.527Z] ----------------------------------------------------------------------
[debug] [2024-05-24T09:03:29.531Z] Command:       D:\Program Files\nodejs\node.exe C:\Users\ejsg0\AppData\Roaming\npm\node_modules\firebase-tools\lib\bin\firebase.js deploy
[debug] [2024-05-24T09:03:29.531Z] CLI Version:   13.10.0
[debug] [2024-05-24T09:03:29.532Z] Platform:      win32
[debug] [2024-05-24T09:03:29.532Z] Node Version:  v20.13.1
[debug] [2024-05-24T09:03:29.532Z] Time:          Fri May 24 2024 17:03:29 GMT+0800 (Philippine Standard Time)
[debug] [2024-05-24T09:03:29.532Z] ----------------------------------------------------------------------
[debug] 
[debug] [2024-05-24T09:03:29.702Z] > command requires scopes: ["email","openid","https://www.googleapis.com/auth/cloudplatformprojects.readonly","https://www.googleapis.com/auth/firebase","https://www.googleapis.com/auth/cloud-platform"]
[debug] [2024-05-24T09:03:29.703Z] > authorizing via signed-in user (eleazar.galope@gmail.com)
[debug] [2024-05-24T09:03:29.704Z] [iam] checking project purrfolio-f6b4c for permissions ["firebase.projects.get","firebasehosting.sites.update"]
[debug] [2024-05-24T09:03:29.707Z] >>> [apiv2][query] POST https://cloudresourcemanager.googleapis.com/v1/projects/purrfolio-f6b4c:testIamPermissions [none]
[debug] [2024-05-24T09:03:29.708Z] >>> [apiv2][(partial)header] POST https://cloudresourcemanager.googleapis.com/v1/projects/purrfolio-f6b4c:testIamPermissions x-goog-quota-user=projects/purrfolio-f6b4c
[debug] [2024-05-24T09:03:29.708Z] >>> [apiv2][body] POST https://cloudresourcemanager.googleapis.com/v1/projects/purrfolio-f6b4c:testIamPermissions {"permissions":["firebase.projects.get","firebasehosting.sites.update"]}
[debug] [2024-05-24T09:03:30.732Z] <<< [apiv2][status] POST https://cloudresourcemanager.googleapis.com/v1/projects/purrfolio-f6b4c:testIamPermissions 200
[debug] [2024-05-24T09:03:30.732Z] <<< [apiv2][body] POST https://cloudresourcemanager.googleapis.com/v1/projects/purrfolio-f6b4c:testIamPermissions {"permissions":["firebase.projects.get","firebasehosting.sites.update"]}
[debug] [2024-05-24T09:03:30.733Z] >>> [apiv2][query] GET https://firebase.googleapis.com/v1beta1/projects/purrfolio-f6b4c [none]
[debug] [2024-05-24T09:03:31.184Z] <<< [apiv2][status] GET https://firebase.googleapis.com/v1beta1/projects/purrfolio-f6b4c 200
[debug] [2024-05-24T09:03:31.185Z] <<< [apiv2][body] GET https://firebase.googleapis.com/v1beta1/projects/purrfolio-f6b4c {"projectId":"purrfolio-f6b4c","projectNumber":"543337530377","displayName":"purrfolio","name":"projects/purrfolio-f6b4c","resources":{"hostingSite":"purrfolio-f6b4c"},"state":"ACTIVE","etag":"1_eacc1597-33f0-4439-901f-836578be0b98"}
[debug] [2024-05-24T09:03:35.639Z] >>> [apiv2][query] GET https://firebasehosting.googleapis.com/v1beta1/projects/purrfolio-f6b4c/sites pageToken=&pageSize=10
[debug] [2024-05-24T09:03:36.386Z] <<< [apiv2][status] GET https://firebasehosting.googleapis.com/v1beta1/projects/purrfolio-f6b4c/sites 200
[debug] [2024-05-24T09:03:36.386Z] <<< [apiv2][body] GET https://firebasehosting.googleapis.com/v1beta1/projects/purrfolio-f6b4c/sites {"sites":[{"name":"projects/purrfolio-f6b4c/sites/purrfolio-f6b4c","defaultUrl":"https://purrfolio-f6b4c.web.app","appId":"1:543337530377:web:da0b9c8165808e74a5e4d8","type":"DEFAULT_SITE"}]}
[debug] [2024-05-24T09:03:36.387Z] >>> [apiv2][query] GET https://firebase.googleapis.com/v1beta1/projects/-/webApps/1:543337530377:web:da0b9c8165808e74a5e4d8/config [none]
[debug] [2024-05-24T09:03:37.074Z] <<< [apiv2][status] GET https://firebase.googleapis.com/v1beta1/projects/-/webApps/1:543337530377:web:da0b9c8165808e74a5e4d8/config 200
[debug] [2024-05-24T09:03:37.074Z] <<< [apiv2][body] GET https://firebase.googleapis.com/v1beta1/projects/-/webApps/1:543337530377:web:da0b9c8165808e74a5e4d8/config {"projectId":"purrfolio-f6b4c","appId":"1:543337530377:web:da0b9c8165808e74a5e4d8","storageBucket":"purrfolio-f6b4c.appspot.com","apiKey":"AIzaSyAyaunSBZRuRPPrLmNsUumR1X1PnyGdLFA","authDomain":"purrfolio-f6b4c.firebaseapp.com","messagingSenderId":"543337530377","measurementId":"G-HPZB58XN7V"}
[info] 
   Thank you for trying our early preview of Next.js support on Firebase Hosting.
   During the preview, support is best-effort and breaking changes can be expected. Proceed with caution.
   The integration is known to work with Next.js version 12 - 14.0. You may encounter errors.

   Documentation: https://firebase.google.com/docs/hosting/frameworks/nextjs
   File a bug: https://github.com/firebase/firebase-tools/issues/new?template=bug_report.md
   Submit a feature request: https://github.com/firebase/firebase-tools/issues/new?template=feature_request.md

   We'd love to learn from you. Express your interest in helping us shape the future of Firebase Hosting: https://goo.gle/41enW5X

[debug] [2024-05-24T09:03:46.812Z] >>> [apiv2][query] GET https://firebasehosting.googleapis.com/v1beta1/projects/purrfolio-f6b4c/sites/purrfolio-f6b4c [none]
[debug] [2024-05-24T09:03:47.571Z] <<< [apiv2][status] GET https://firebasehosting.googleapis.com/v1beta1/projects/purrfolio-f6b4c/sites/purrfolio-f6b4c 200
[debug] [2024-05-24T09:03:47.571Z] <<< [apiv2][body] GET https://firebasehosting.googleapis.com/v1beta1/projects/purrfolio-f6b4c/sites/purrfolio-f6b4c {"name":"projects/purrfolio-f6b4c/sites/purrfolio-f6b4c","defaultUrl":"https://purrfolio-f6b4c.web.app","appId":"1:543337530377:web:da0b9c8165808e74a5e4d8","type":"DEFAULT_SITE"}
[info]   ▲ Next.js 14.2.3

[info] 

[info]    Creating an optimized production build ...

